jovyan@jupyter-abq215:~$ git clone https://github.com/bellevue-university/dsc650.git
Cloning into 'dsc650'...
remote: Enumerating objects: 120285, done.
remote: Counting objects: 100% (181/181), done.
remote: Compressing objects: 100% (69/69), done.
remote: Total 120285 (delta 83), reused 177 (delta 80), pack-reused 120104
Receiving objects: 100% (120285/120285), 360.51 MiB | 3.27 MiB/s, done.
Resolving deltas: 100% (7310/7310), done.
Updating files: 100% (114699/114699), done.
jovyan@jupyter-abq215:~$ cd dsc650
jovyan@jupyter-abq215:~/dsc650$ cd examples
jovyan@jupyter-abq215:~/dsc650/examples$ python mnist_mlp.py
Downloading data from https://storage.googleapis.com/tensorflow/tf-keras-datasets/mnist.npz
11493376/11490434 [==============================] - 2s 0us/step
60000 train samples
10000 test samples
2022-09-01 18:29:42.669307: W tensorflow/stream_executor/platform/default/dso_loader.cc:55] Could not load dynamic library'libcuda.so.1'; dlerror: libcuda.so.1: cannot open shared object file: No such file or directory
2022-09-01 18:29:42.669348: E tensorflow/stream_executor/cuda/cuda_driver.cc:313] failed call to cuInit: UNKNOWN ERROR (303)
2022-09-01 18:29:42.669385: I tensorflow/stream_executor/cuda/cuda_diagnostics.cc:156] kernel driver does not appear to berunning on this host (jupyter-abq215): /proc/driver/nvidia/version does not exist
2022-09-01 18:29:42.669814: I tensorflow/core/platform/cpu_feature_guard.cc:143] Your CPU supports instructions that this TensorFlow binary was not compiled to use: AVX2 AVX512F FMA
2022-09-01 18:29:42.704087: I tensorflow/core/platform/profile_utils/cpu_utils.cc:102] CPU Frequency: 2400000000 Hz
2022-09-01 18:29:42.707843: I tensorflow/compiler/xla/service/service.cc:168] XLA service 0x7ff094000b60 initialized for platform Host (this does not guarantee that XLA will be used). Devices:
2022-09-01 18:29:42.707906: I tensorflow/compiler/xla/service/service.cc:176]   StreamExecutor device (0): Host, Default Version
Model: "sequential"
_________________________________________________________________
Layer (type)                 Output Shape              Param #
=================================================================
dense (Dense)                (None, 512)               401920
_________________________________________________________________
dropout (Dropout)            (None, 512)               0
_________________________________________________________________
dense_1 (Dense)              (None, 512)               262656
_________________________________________________________________
dropout_1 (Dropout)          (None, 512)               0
_________________________________________________________________
dense_2 (Dense)              (None, 10)                5130
=================================================================
Total params: 669,706
Trainable params: 669,706
Non-trainable params: 0
_________________________________________________________________
Epoch 1/20
469/469 [==============================] - 4s 9ms/step - loss: 0.2443 - accuracy: 0.9259 - val_loss: 0.1002 - val_accuracy: 0.9672
Epoch 2/20
469/469 [==============================] - 4s 9ms/step - loss: 0.1030 - accuracy: 0.9692 - val_loss: 0.0930 - val_accuracy: 0.9728
Epoch 3/20
469/469 [==============================] - 5s 10ms/step - loss: 0.0753 - accuracy: 0.9768 - val_loss: 0.0793 - val_accuracy: 0.9776
Epoch 4/20
469/469 [==============================] - 4s 9ms/step - loss: 0.0605 - accuracy: 0.9816 - val_loss: 0.0649 - val_accuracy: 0.9812
Epoch 5/20
469/469 [==============================] - 4s 9ms/step - loss: 0.0506 - accuracy: 0.9850 - val_loss: 0.0665 - val_accuracy: 0.9816
Epoch 6/20
469/469 [==============================] - 4s 9ms/step - loss: 0.0436 - accuracy: 0.9872 - val_loss: 0.0729 - val_accuracy: 0.9824
Epoch 7/20
469/469 [==============================] - 4s 9ms/step - loss: 0.0380 - accuracy: 0.9879 - val_loss: 0.0761 - val_accuracy: 0.9834
Epoch 8/20
469/469 [==============================] - 4s 9ms/step - loss: 0.0341 - accuracy: 0.9897 - val_loss: 0.0930 - val_accuracy: 0.9792
Epoch 9/20
469/469 [==============================] - 4s 9ms/step - loss: 0.0316 - accuracy: 0.9910 - val_loss: 0.1039 - val_accuracy: 0.9806
Epoch 10/20
469/469 [==============================] - 4s 9ms/step - loss: 0.0304 - accuracy: 0.9919 - val_loss: 0.0925 - val_accuracy: 0.9817
Epoch 11/20
469/469 [==============================] - 4s 9ms/step - loss: 0.0283 - accuracy: 0.9917 - val_loss: 0.1025 - val_accuracy: 0.9826
Epoch 12/20
469/469 [==============================] - 4s 9ms/step - loss: 0.0250 - accuracy: 0.9930 - val_loss: 0.1087 - val_accuracy: 0.9831
Epoch 13/20
469/469 [==============================] - 4s 9ms/step - loss: 0.0251 - accuracy: 0.9927 - val_loss: 0.0977 - val_accuracy: 0.9835
Epoch 14/20
469/469 [==============================] - 4s 9ms/step - loss: 0.0219 - accuracy: 0.9938 - val_loss: 0.1080 - val_accuracy: 0.9824
Epoch 15/20
469/469 [==============================] - 4s 9ms/step - loss: 0.0206 - accuracy: 0.9940 - val_loss: 0.1182 - val_accuracy: 0.9829
Epoch 16/20
469/469 [==============================] - 4s 9ms/step - loss: 0.0212 - accuracy: 0.9941 - val_loss: 0.1200 - val_accuracy: 0.9818
Epoch 17/20
469/469 [==============================] - 4s 9ms/step - loss: 0.0209 - accuracy: 0.9944 - val_loss: 0.1128 - val_accuracy: 0.9843
Epoch 18/20
469/469 [==============================] - 4s 9ms/step - loss: 0.0193 - accuracy: 0.9948 - val_loss: 0.1362 - val_accuracy: 0.9826
Epoch 19/20
469/469 [==============================] - 4s 9ms/step - loss: 0.0199 - accuracy: 0.9949 - val_loss: 0.1305 - val_accuracy: 0.9836
Epoch 20/20
469/469 [==============================] - 4s 9ms/step - loss: 0.0162 - accuracy: 0.9952 - val_loss: 0.1496 - val_accuracy: 0.9824
Test loss: 0.1496264636516571
Test accuracy: 0.9824000000953674
jovyan@jupyter-abq215:~/dsc650/examples$